<?xml version="1.0" encoding="UTF-8"?>
<testsuite name="SILab2Test" tests="2" skipped="0" failures="0" errors="0" timestamp="2022-06-02T11:40:21" hostname="DESKTOP-8DP4VL9" time="0.052">
  <properties/>
  <testcase name="everyStatementTest()" classname="SILab2Test" time="0.047"/>
  <testcase name="everyBranchTest()" classname="SILab2Test" time="0.004"/>
  <system-out><![CDATA[]]></system-out>
  <system-err><![CDATA[]]></system-err>
</testsuite>
