<?xml version="1.0" encoding="UTF-8"?>
<testsuite name="SILab2Test" tests="2" skipped="0" failures="0" errors="0" timestamp="2022-05-18T14:47:13" hostname="DESKTOP-8DP4VL9" time="0.03">
  <properties/>
  <testcase name="test1()" classname="SILab2Test" time="0.027"/>
  <testcase name="test2()" classname="SILab2Test" time="0.002"/>
  <system-out><![CDATA[]]></system-out>
  <system-err><![CDATA[]]></system-err>
</testsuite>
